yarn run v1.22.19
warning ..\package.json: No license field
$ next build
- info Creating an optimized production build...
- info Compiled successfully
- info Linting and checking validity of types...
- info Collecting page data...
- info Generating static pages (0/4)
- info Generating static pages (1/4)
- info Generating static pages (2/4)
- info Generating static pages (3/4)
- info Generating static pages (4/4)
- info Finalizing page optimization...

Route (app)                                Size     First Load JS
┌ ○ /                                      4.78 kB          82 kB
└ ○ /favicon.ico                           0 B                0 B
+ First Load JS shared by all              77.3 kB
  ├ chunks/488-2398932694129a7b.js         24.9 kB
  ├ chunks/bce60fc1-49ee79ad31766ac6.js    50.5 kB
  ├ chunks/main-app-9edeb1a67d00624e.js    215 B
  └ chunks/webpack-737972036df45a17.js     1.64 kB

Route (pages)                              Size     First Load JS
─ ○ /404                                   181 B          74.7 kB
+ First Load JS shared by all              74.5 kB
  ├ chunks/framework-8883d1e9be70c3da.js   45.1 kB
  ├ chunks/main-66891548548be155.js        27.6 kB
  ├ chunks/pages/_app-b555d5e1eab47959.js  195 B
  └ chunks/webpack-737972036df45a17.js     1.64 kB

○  (Static)  automatically rendered as static HTML (uses no initial props)

Done in 32.91s.
